<?xml version="1.0" encoding="UTF-8"?>
<!-- Generated by org.testng.reporters.JUnitReportReporter -->
<testsuite skipped="0" hostname="DESKTOP-HV4AP7V" name="Test_Android.Testing_MusicPlayer" tests="1" failures="0" timestamp="2020-10-19T22:59:31 CAT" time="4.707" errors="0">
  <testcase name="testCal" time="4.707" classname="Test_Android.Testing_MusicPlayer"/>
  <system-out/>
</testsuite> <!-- Test_Android.Testing_MusicPlayer -->
